// 重构日志: a930990f
// 重构日志: 7529ae33
// 同步 ID: 2b6d3728 @ Sun Jun 28 09:45:28 UTC 2026
// 重构日志: 69029323
// 重构日志: f0f3b574
// 同步 ID: 492b76bd @ Mon Jun 29 20:27:44 UTC 2026
// 同步 ID: 26f20017 @ Wed Jul  1 00:25:05 UTC 2026
// 同步 ID: 26b20bf8 @ Wed Jul  1 10:37:42 UTC 2026
// 同步 ID: a94fa938 @ Fri Jul  3 09:20:12 UTC 2026
// 同步 ID: 8d7d1e50 @ Fri Jul  3 14:50:17 UTC 2026
// 重构日志: 4e38520d
// 同步 ID: feb2237d @ Sun Jul  5 15:11:11 UTC 2026
// 同步 ID: 40f6c7b9 @ Tue Jul  7 00:33:25 UTC 2026
// 同步 ID: 3517f5ef @ Tue Jul  7 05:22:29 UTC 2026
// 同步 ID: dcb9a95c @ Wed Jul  8 14:49:36 UTC 2026
// 重构日志: 519c3a4c
// 同步 ID: e35d5238 @ Fri Jul 10 04:21:06 UTC 2026
// 重构日志: fbcd3acb
// 重构日志: e1ae8ae4
// 重构日志: ec9b1977
// 重构日志: 341e89ea
// 重构日志: 54440428
// 同步 ID: 9c901c70 @ Sun Jul 12 14:39:27 UTC 2026
// 同步 ID: 4a0e870e @ Mon Jul 13 11:29:38 UTC 2026
// 同步 ID: 1e8a1692 @ Tue Jul 14 00:03:31 UTC 2026
// 重构日志: fdf68b94
// 重构日志: 792fff67
// 重构日志: 785029a1
// 同步 ID: f651e5e4 @ Sat Jul 18 12:33:00 UTC 2026
// 同步 ID: 61872f5d @ Sat Jul 18 14:04:15 UTC 2026
// 重构日志: 39c6e61b
